#
# There is insufficient memory for the Java Runtime Environment to continue.
# Native memory allocation (malloc) failed to allocate 1060576 bytes for Chunk::new
# Possible reasons:
#   The system is out of physical RAM or swap space
#   In 32 bit mode, the process size limit was hit
# Possible solutions:
#   Reduce memory load on the system
#   Increase physical memory or swap space
#   Check if swap backing store is full
#   Use 64 bit Java on a 64 bit OS
#   Decrease Java heap size (-Xmx/-Xms)
#   Decrease number of Java threads
#   Decrease Java thread stack sizes (-Xss)
#   Set larger code cache with -XX:ReservedCodeCacheSize=
# This output file may be truncated or incomplete.
#
#  Out of Memory Error (allocation.cpp:390), pid=3216, tid=0x0000000000002990
#
# JRE version: OpenJDK Runtime Environment (8.0_152-b02) (build 1.8.0_152-release-1024-b02)
# Java VM: OpenJDK 64-Bit Server VM (25.152-b02 mixed mode windows-amd64 compressed oops)
# Failed to write core dump. Minidumps are not enabled by default on client versions of Windows
#

---------------  T H R E A D  ---------------

Current thread (0x00000000170fc000):  JavaThread "C2 CompilerThread1" daemon [_thread_in_native, id=10640, stack(0x0000000018af0000,0x0000000018bf0000)]

Stack: [0x0000000018af0000,0x0000000018bf0000]
[error occurred during error reporting (printing stack bounds), id 0xc0000005]

Native frames: (J=compiled Java code, j=interpreted, Vv=VM code, C=native code)


Current CompileTask:
C2:  35353 6326   !   4       java.io.ObjectOutputStream::writeObject0 (619 bytes)


---------------  P R O C E S S  ---------------

Java Threads: ( => current thread )
  0x000000001d917800 JavaThread "Task worker for ':' Thread 3" [_thread_blocked, id=3516, stack(0x0000000022390000,0x0000000022490000)]
  0x000000001d91a000 JavaThread "Task worker for ':' Thread 2" [_thread_blocked, id=1008, stack(0x0000000022290000,0x0000000022390000)]
  0x000000001d918800 JavaThread "Task worker for ':'" [_thread_blocked, id=5704, stack(0x0000000022190000,0x0000000022290000)]
  0x000000001d912800 JavaThread "Cache worker for Build Output Cleanup Cache (D:\software data\android\Counter\.gradle\buildOutputCleanup)" [_thread_blocked, id=3316, stack(0x0000000022090000,0x0000000022190000)]
  0x000000001d916000 JavaThread "Cache worker for task history cache (D:\software data\android\Counter\.gradle\4.4\taskHistory)" [_thread_blocked, id=2920, stack(0x0000000021f90000,0x0000000022090000)]
  0x000000001d919000 JavaThread "Cache worker for file content cache (D:\software data\android\Counter\.gradle\4.4\fileContent)" [_thread_blocked, id=1016, stack(0x0000000021660000,0x0000000021760000)]
  0x000000001d2c9000 JavaThread "Memory manager" [_thread_blocked, id=5132, stack(0x0000000020f60000,0x0000000021060000)]
  0x000000001d2ce000 JavaThread "build operations Thread 4" [_thread_blocked, id=9080, stack(0x0000000020860000,0x0000000020960000)]
  0x000000001d2cd800 JavaThread "build operations Thread 3" [_thread_blocked, id=11040, stack(0x0000000020760000,0x0000000020860000)]
  0x000000001d2cf000 JavaThread "build operations Thread 2" [_thread_blocked, id=9964, stack(0x0000000020660000,0x0000000020760000)]
  0x000000001d2cb000 JavaThread "build operations" [_thread_blocked, id=11072, stack(0x0000000020560000,0x0000000020660000)]
  0x000000001d2cc800 JavaThread "Cache worker for Artifact transforms cache (C:\Users\LENOVO-PC\.gradle\caches\transforms-1)" [_thread_blocked, id=7336, stack(0x000000001eb30000,0x000000001ec30000)]
  0x0000000019fe8800 JavaThread "Cache worker for file hash cache (D:\software data\android\Counter\.gradle\4.4\fileHashes)" [_thread_blocked, id=1748, stack(0x000000001d660000,0x000000001d760000)]
  0x000000001c385800 JavaThread "File lock request listener" [_thread_in_native, id=2988, stack(0x000000001d560000,0x000000001d660000)]
  0x000000001c392000 JavaThread "Cache worker for file hash cache (C:\Users\LENOVO-PC\.gradle\caches\4.4\fileHashes)" [_thread_blocked, id=10036, stack(0x000000001d460000,0x000000001d560000)]
  0x0000000019169800 JavaThread "Stdin handler" [_thread_blocked, id=1376, stack(0x000000001b1c0000,0x000000001b2c0000)]
  0x0000000019168800 JavaThread "Asynchronous log dispatcher for DefaultDaemonConnection: socket connection from /127.0.0.1:54969 to /127.0.0.1:54970" [_thread_blocked, id=8376, stack(0x000000001b0c0000,0x000000001b1c0000)]
  0x0000000019e38800 JavaThread "Daemon worker" [_thread_in_native, id=10692, stack(0x000000001afc0000,0x000000001b0c0000)]
  0x000000001916d800 JavaThread "Cancel handler" [_thread_blocked, id=8644, stack(0x000000001aec0000,0x000000001afc0000)]
  0x000000001914b800 JavaThread "Handler for socket connection from /127.0.0.1:54969 to /127.0.0.1:54970" [_thread_in_native, id=1892, stack(0x000000001abc0000,0x000000001acc0000)]
  0x0000000019149000 JavaThread "Daemon" [_thread_blocked, id=8168, stack(0x000000001aac0000,0x000000001abc0000)]
  0x00000000186da800 JavaThread "Daemon periodic checks" [_thread_blocked, id=8392, stack(0x000000001a9c0000,0x000000001aac0000)]
  0x000000001936b800 JavaThread "Incoming local TCP Connector on port 54969" [_thread_in_native, id=7440, stack(0x000000001a8c0000,0x000000001a9c0000)]
  0x000000001846b800 JavaThread "Service Thread" daemon [_thread_blocked, id=9608, stack(0x0000000018cf0000,0x0000000018df0000)]
  0x00000000183ff800 JavaThread "C1 CompilerThread2" daemon [_thread_blocked, id=2160, stack(0x0000000018bf0000,0x0000000018cf0000)]
=>0x00000000170fc000 JavaThread "C2 CompilerThread1" daemon [_thread_in_native, id=10640, stack(0x0000000018af0000,0x0000000018bf0000)]
  0x00000000170f9000 JavaThread "C2 CompilerThread0" daemon [_thread_in_native, id=7524, stack(0x00000000189f0000,0x0000000018af0000)]
  0x00000000170ae800 JavaThread "Attach Listener" daemon [_thread_blocked, id=8252, stack(0x00000000188f0000,0x00000000189f0000)]
  0x00000000183f8800 JavaThread "Signal Dispatcher" daemon [_thread_blocked, id=6956, stack(0x00000000187f0000,0x00000000188f0000)]
  0x0000000017088800 JavaThread "Finalizer" daemon [_thread_blocked, id=10540, stack(0x00000000182f0000,0x00000000183f0000)]
  0x0000000003724000 JavaThread "Reference Handler" daemon [_thread_blocked, id=6996, stack(0x00000000181f0000,0x00000000182f0000)]
  0x0000000003632800 JavaThread "main" [_thread_blocked, id=9716, stack(0x0000000003530000,0x0000000003630000)]

Other Threads:
  0x0000000017064800 VMThread [stack: 0x00000000180f0000,0x00000000181f0000] [id=10100]
  0x000000001846c800 WatcherThread [stack: 0x0000000018df0000,0x0000000018ef0000] [id=5476]

VM state:not at safepoint (normal execution)

VM Mutex/Monitor currently owned by a thread: None

Heap:
 PSYoungGen      total 82944K, used 42686K [0x00000000e0000000, 0x00000000e6880000, 0x0000000100000000)
  eden space 71168K, 46% used [0x00000000e0000000,0x00000000e2054170,0x00000000e4580000)
  from space 11776K, 81% used [0x00000000e4580000,0x00000000e4edb9c0,0x00000000e5100000)
  to   space 12288K, 0% used [0x00000000e5c80000,0x00000000e5c80000,0x00000000e6880000)
 ParOldGen       total 56320K, used 29331K [0x00000000a0000000, 0x00000000a3700000, 0x00000000e0000000)
  object space 56320K, 52% used [0x00000000a0000000,0x00000000a1ca4f18,0x00000000a3700000)
 Metaspace       used 53881K, capacity 55552K, committed 55640K, reserved 1097728K
  class space    used 7366K, capacity 7777K, committed 7808K, reserved 1048576K

Card table byte_map: [0x0000000012af0000,0x0000000012e00000] byte_map_base: 0x00000000125f0000

Marking Bits: (ParMarkBitMap*) 0x0000000076ef4970
 Begin Bits: [0x0000000013400000, 0x0000000014c00000)
 End Bits:   [0x0000000014c00000, 0x0000000016400000)

Polling page: 0x0000000003000000

CodeCache: size=245760Kb used=19729Kb max_used=19729Kb free=226030Kb
 bounds [0x0000000003730000, 0x0000000004a90000, 0x0000000012730000]
 total_blobs=6730 nmethods=5964 adapters=680
 compilation: enabled

Compilation events (10 events):
Event: 35.123 Thread 0x00000000183ff800 6347       3       org.gradle.api.internal.artifacts.ivyservice.resolveengine.artifact.ArtifactBackedResolvedVariant$SingleArtifactSet::visit (35 bytes)
Event: 35.123 Thread 0x00000000183ff800 nmethod 6347 0x0000000004a81290 code [0x0000000004a81420, 0x0000000004a81758]
Event: 35.225 Thread 0x00000000183ff800 6349       3       java.util.HashMap$HashIterator::<init> (79 bytes)
Event: 35.226 Thread 0x00000000183ff800 nmethod 6349 0x0000000004a81850 code [0x0000000004a819c0, 0x0000000004a81d50]
Event: 35.245 Thread 0x00000000183ff800 6350       3       com.google.common.collect.RegularImmutableSortedSet::iterator (5 bytes)
Event: 35.246 Thread 0x00000000183ff800 nmethod 6350 0x0000000004a81ed0 code [0x0000000004a82040, 0x0000000004a82328]
Event: 35.266 Thread 0x00000000183ff800 6351       1       org.gradle.api.internal.file.AbstractFileResolver::getPatternSetFactory (5 bytes)
Event: 35.266 Thread 0x00000000183ff800 nmethod 6351 0x0000000004a51a10 code [0x0000000004a51b60, 0x0000000004a51c70]
Event: 35.267 Thread 0x00000000183ff800 6352       1       com.google.common.cache.LocalCache::nullEntry (4 bytes)
Event: 35.268 Thread 0x00000000183ff800 nmethod 6352 0x0000000004a82410 code [0x0000000004a82560, 0x0000000004a82650]

GC Heap History (10 events):
Event: 20.921 GC heap before
{Heap before GC invocations=15 (full 2):
 PSYoungGen      total 55296K, used 7126K [0x00000000e0000000, 0x00000000e4a80000, 0x0000000100000000)
  eden space 48128K, 0% used [0x00000000e0000000,0x00000000e0000000,0x00000000e2f00000)
  from space 7168K, 99% used [0x00000000e2f00000,0x00000000e35f58c0,0x00000000e3600000)
  to   space 7680K, 0% used [0x00000000e4300000,0x00000000e4300000,0x00000000e4a80000)
 ParOldGen       total 34816K, used 14327K [0x00000000a0000000, 0x00000000a2200000, 0x00000000e0000000)
  object space 34816K, 41% used [0x00000000a0000000,0x00000000a0dfdef8,0x00000000a2200000)
 Metaspace       used 34788K, capacity 35386K, committed 35416K, reserved 1079296K
  class space    used 4787K, capacity 4971K, committed 4992K, reserved 1048576K
Event: 21.080 GC heap after
Heap after GC invocations=15 (full 2):
 PSYoungGen      total 55296K, used 0K [0x00000000e0000000, 0x00000000e4a80000, 0x0000000100000000)
  eden space 48128K, 0% used [0x00000000e0000000,0x00000000e0000000,0x00000000e2f00000)
  from space 7168K, 0% used [0x00000000e2f00000,0x00000000e2f00000,0x00000000e3600000)
  to   space 7680K, 0% used [0x00000000e4300000,0x00000000e4300000,0x00000000e4a80000)
 ParOldGen       total 56320K, used 16941K [0x00000000a0000000, 0x00000000a3700000, 0x00000000e0000000)
  object space 56320K, 30% used [0x00000000a0000000,0x00000000a108b618,0x00000000a3700000)
 Metaspace       used 34788K, capacity 35386K, committed 35416K, reserved 1079296K
  class space    used 4787K, capacity 4971K, committed 4992K, reserved 1048576K
}
Event: 22.405 GC heap before
{Heap before GC invocations=16 (full 2):
 PSYoungGen      total 55296K, used 48128K [0x00000000e0000000, 0x00000000e4a80000, 0x0000000100000000)
  eden space 48128K, 100% used [0x00000000e0000000,0x00000000e2f00000,0x00000000e2f00000)
  from space 7168K, 0% used [0x00000000e2f00000,0x00000000e2f00000,0x00000000e3600000)
  to   space 7680K, 0% used [0x00000000e4300000,0x00000000e4300000,0x00000000e4a80000)
 ParOldGen       total 56320K, used 16941K [0x00000000a0000000, 0x00000000a3700000, 0x00000000e0000000)
  object space 56320K, 30% used [0x00000000a0000000,0x00000000a108b618,0x00000000a3700000)
 Metaspace       used 36880K, capacity 37594K, committed 37720K, reserved 1081344K
  class space    used 5036K, capacity 5237K, committed 5248K, reserved 1048576K
Event: 22.417 GC heap after
Heap after GC invocations=16 (full 2):
 PSYoungGen      total 65536K, used 3400K [0x00000000e0000000, 0x00000000e4900000, 0x0000000100000000)
  eden space 59392K, 0% used [0x00000000e0000000,0x00000000e0000000,0x00000000e3a00000)
  from space 6144K, 55% used [0x00000000e4300000,0x00000000e4652130,0x00000000e4900000)
  to   space 7680K, 0% used [0x00000000e3a00000,0x00000000e3a00000,0x00000000e4180000)
 ParOldGen       total 56320K, used 16949K [0x00000000a0000000, 0x00000000a3700000, 0x00000000e0000000)
  object space 56320K, 30% used [0x00000000a0000000,0x00000000a108d618,0x00000000a3700000)
 Metaspace       used 36880K, capacity 37594K, committed 37720K, reserved 1081344K
  class space    used 5036K, capacity 5237K, committed 5248K, reserved 1048576K
}
Event: 25.175 GC heap before
{Heap before GC invocations=17 (full 2):
 PSYoungGen      total 65536K, used 62792K [0x00000000e0000000, 0x00000000e4900000, 0x0000000100000000)
  eden space 59392K, 100% used [0x00000000e0000000,0x00000000e3a00000,0x00000000e3a00000)
  from space 6144K, 55% used [0x00000000e4300000,0x00000000e4652130,0x00000000e4900000)
  to   space 7680K, 0% used [0x00000000e3a00000,0x00000000e3a00000,0x00000000e4180000)
 ParOldGen       total 56320K, used 16949K [0x00000000a0000000, 0x00000000a3700000, 0x00000000e0000000)
  object space 56320K, 30% used [0x00000000a0000000,0x00000000a108d618,0x00000000a3700000)
 Metaspace       used 41330K, capacity 42212K, committed 42328K, reserved 1085440K
  class space    used 5644K, capacity 5905K, committed 6016K, reserved 1048576K
Event: 25.205 GC heap after
Heap after GC invocations=17 (full 2):
 PSYoungGen      total 67072K, used 7669K [0x00000000e0000000, 0x00000000e5a80000, 0x0000000100000000)
  eden space 59392K, 0% used [0x00000000e0000000,0x00000000e0000000,0x00000000e3a00000)
  from space 7680K, 99% used [0x00000000e3a00000,0x00000000e417d5a8,0x00000000e4180000)
  to   space 9728K, 0% used [0x00000000e5100000,0x00000000e5100000,0x00000000e5a80000)
 ParOldGen       total 56320K, used 19583K [0x00000000a0000000, 0x00000000a3700000, 0x00000000e0000000)
  object space 56320K, 34% used [0x00000000a0000000,0x00000000a131feb0,0x00000000a3700000)
 Metaspace       used 41330K, capacity 42212K, committed 42328K, reserved 1085440K
  class space    used 5644K, capacity 5905K, committed 6016K, reserved 1048576K
}
Event: 27.630 GC heap before
{Heap before GC invocations=18 (full 2):
 PSYoungGen      total 67072K, used 67061K [0x00000000e0000000, 0x00000000e5a80000, 0x0000000100000000)
  eden space 59392K, 100% used [0x00000000e0000000,0x00000000e3a00000,0x00000000e3a00000)
  from space 7680K, 99% used [0x00000000e3a00000,0x00000000e417d5a8,0x00000000e4180000)
  to   space 9728K, 0% used [0x00000000e5100000,0x00000000e5100000,0x00000000e5a80000)
 ParOldGen       total 56320K, used 19583K [0x00000000a0000000, 0x00000000a3700000, 0x00000000e0000000)
  object space 56320K, 34% used [0x00000000a0000000,0x00000000a131feb0,0x00000000a3700000)
 Metaspace       used 46473K, capacity 47434K, committed 47576K, reserved 1089536K
  class space    used 6296K, capacity 6612K, committed 6656K, reserved 1048576K
Event: 27.665 GC heap after
Heap after GC invocations=18 (full 2):
 PSYoungGen      total 80896K, used 9706K [0x00000000e0000000, 0x00000000e5f00000, 0x0000000100000000)
  eden space 71168K, 0% used [0x00000000e0000000,0x00000000e0000000,0x00000000e4580000)
  from space 9728K, 99% used [0x00000000e5100000,0x00000000e5a7a858,0x00000000e5a80000)
  to   space 11776K, 0% used [0x00000000e4580000,0x00000000e4580000,0x00000000e5100000)
 ParOldGen       total 56320K, used 21775K [0x00000000a0000000, 0x00000000a3700000, 0x00000000e0000000)
  object space 56320K, 38% used [0x00000000a0000000,0x00000000a1543dc0,0x00000000a3700000)
 Metaspace       used 46473K, capacity 47434K, committed 47576K, reserved 1089536K
  class space    used 6296K, capacity 6612K, committed 6656K, reserved 1048576K
}
Event: 32.435 GC heap before
{Heap before GC invocations=19 (full 2):
 PSYoungGen      total 80896K, used 80874K [0x00000000e0000000, 0x00000000e5f00000, 0x0000000100000000)
  eden space 71168K, 100% used [0x00000000e0000000,0x00000000e4580000,0x00000000e4580000)
  from space 9728K, 99% used [0x00000000e5100000,0x00000000e5a7a858,0x00000000e5a80000)
  to   space 11776K, 0% used [0x00000000e4580000,0x00000000e4580000,0x00000000e5100000)
 ParOldGen       total 56320K, used 21775K [0x00000000a0000000, 0x00000000a3700000, 0x00000000e0000000)
  object space 56320K, 38% used [0x00000000a0000000,0x00000000a1543dc0,0x00000000a3700000)
 Metaspace       used 52404K, capacity 54092K, committed 54232K, reserved 1095680K
  class space    used 7189K, capacity 7575K, committed 7680K, reserved 1048576K
Event: 32.470 GC heap after
Heap after GC invocations=19 (full 2):
 PSYoungGen      total 82944K, used 9582K [0x00000000e0000000, 0x00000000e6880000, 0x0000000100000000)
  eden space 71168K, 0% used [0x00000000e0000000,0x00000000e0000000,0x00000000e4580000)
  from space 11776K, 81% used [0x00000000e4580000,0x00000000e4edb9c0,0x00000000e5100000)
  to   space 12288K, 0% used [0x00000000e5c80000,0x00000000e5c80000,0x00000000e6880000)
 ParOldGen       total 56320K, used 29331K [0x00000000a0000000, 0x00000000a3700000, 0x00000000e0000000)
  object space 56320K, 52% used [0x00000000a0000000,0x00000000a1ca4f18,0x00000000a3700000)
 Metaspace       used 52404K, capacity 54092K, committed 54232K, reserved 1095680K
  class space    used 7189K, capacity 7575K, committed 7680K, reserved 1048576K
}

Deoptimization events (10 events):
Event: 34.720 Thread 0x000000001d917800 Uncommon trap: reason=unstable_if action=reinterpret pc=0x00000000043bea18 method=java.util.HashMap$HashIterator.<init>(Ljava/util/HashMap;)V @ 45
Event: 34.720 Thread 0x000000001d917800 Uncommon trap: reason=unstable_if action=reinterpret pc=0x0000000004604acc method=java.util.HashMap$HashIterator.<init>(Ljava/util/HashMap;)V @ 45
Event: 34.723 Thread 0x000000001d917800 Uncommon trap: reason=class_check action=maybe_recompile pc=0x00000000049210dc method=com.google.common.collect.AbstractIterator.tryToComputeNext()Z @ 9
Event: 34.723 Thread 0x000000001d917800 Uncommon trap: reason=class_check action=maybe_recompile pc=0x00000000049210dc method=com.google.common.collect.AbstractIterator.tryToComputeNext()Z @ 9
Event: 34.738 Thread 0x000000001d917800 Uncommon trap: reason=bimorphic action=maybe_recompile pc=0x00000000048f1544 method=com.google.common.collect.AbstractMapBasedMultimap.put(Ljava/lang/Object;Ljava/lang/Object;)Z @ 70
Event: 34.742 Thread 0x000000001d917800 Uncommon trap: reason=bimorphic action=maybe_recompile pc=0x00000000048f1544 method=com.google.common.collect.AbstractMapBasedMultimap.put(Ljava/lang/Object;Ljava/lang/Object;)Z @ 70
Event: 34.752 Thread 0x000000001d917800 Uncommon trap: reason=bimorphic action=maybe_recompile pc=0x000000000479f4fc method=com.google.common.collect.NaturalOrdering.compare(Ljava/lang/Comparable;Ljava/lang/Comparable;)I @ 12
Event: 34.752 Thread 0x000000001d917800 Uncommon trap: reason=bimorphic action=maybe_recompile pc=0x000000000479f4fc method=com.google.common.collect.NaturalOrdering.compare(Ljava/lang/Comparable;Ljava/lang/Comparable;)I @ 12
Event: 34.890 Thread 0x000000001d917800 Uncommon trap: reason=bimorphic action=maybe_recompile pc=0x00000000048f1544 method=com.google.common.collect.AbstractMapBasedMultimap.put(Ljava/lang/Object;Ljava/lang/Object;)Z @ 70
Event: 35.139 Thread 0x0000000019e38800 Uncommon trap: reason=bimorphic action=maybe_recompile pc=0x00000000048f1544 method=com.google.common.collect.AbstractMapBasedMultimap.put(Ljava/lang/Object;Ljava/lang/Object;)Z @ 70

Classes redefined (0 events):
No events

Internal exceptions (10 events):
Event: 31.880 Thread 0x0000000019e38800 Exception <a 'java/lang/ClassNotFoundException': org/gradle/model/internal/core/ModelMapGroovyViewBeanInfo> (0x00000000e3cab5c0) thrown at [D:\src\AOSP-openjdk-cygwin\jdk8u\hotspot\src\share\vm\classfile\systemDictionary.cpp, line 210]
Event: 31.880 Thread 0x0000000019e38800 Exception <a 'java/lang/ClassNotFoundException': org/gradle/model/internal/core/ModelMapGroovyViewCustomizer> (0x00000000e3cc03d8) thrown at [D:\src\AOSP-openjdk-cygwin\jdk8u\hotspot\src\share\vm\classfile\systemDictionary.cpp, line 210]
Event: 31.888 Thread 0x0000000019e38800 Exception <a 'java/lang/ClassNotFoundException': org/gradle/model/internal/core/NodeBackedModelMapCustomizer> (0x00000000e3ce8678) thrown at [D:\src\AOSP-openjdk-cygwin\jdk8u\hotspot\src\share\vm\classfile\systemDictionary.cpp, line 210]
Event: 31.895 Thread 0x0000000019e38800 Exception <a 'java/lang/ClassNotFoundException': org/gradle/platform/base/BinaryContainer_ImplCustomizer> (0x00000000e3d4b840) thrown at [D:\src\AOSP-openjdk-cygwin\jdk8u\hotspot\src\share\vm\classfile\systemDictionary.cpp, line 210]
Event: 32.533 Thread 0x0000000019e38800 Exception <a 'java/lang/NoSuchMethodError': <clinit>> (0x00000000e014a830) thrown at [D:\src\AOSP-openjdk-cygwin\jdk8u\hotspot\src\share\vm\prims\jni.cpp, line 1613]
Event: 32.535 Thread 0x0000000019e38800 Exception <a 'java/lang/NoSuchMethodError': <clinit>> (0x00000000e01593e0) thrown at [D:\src\AOSP-openjdk-cygwin\jdk8u\hotspot\src\share\vm\prims\jni.cpp, line 1613]
Event: 32.751 Thread 0x0000000019e38800 Exception <a 'java/lang/NoSuchMethodError': <clinit>> (0x00000000e03c51a8) thrown at [D:\src\AOSP-openjdk-cygwin\jdk8u\hotspot\src\share\vm\prims\jni.cpp, line 1613]
Event: 32.754 Thread 0x0000000019e38800 Exception <a 'java/lang/NoSuchMethodError': <clinit>> (0x00000000e03e0ea8) thrown at [D:\src\AOSP-openjdk-cygwin\jdk8u\hotspot\src\share\vm\prims\jni.cpp, line 1613]
Event: 32.754 Thread 0x0000000019e38800 Exception <a 'java/lang/NoSuchMethodError': <clinit>> (0x00000000e03e2d10) thrown at [D:\src\AOSP-openjdk-cygwin\jdk8u\hotspot\src\share\vm\prims\jni.cpp, line 1613]
Event: 32.883 Thread 0x000000001d917800 Implicit null exception at 0x0000000003d650a2 to 0x0000000003d655c1

Events (10 events):
Event: 34.908 loading class org/gradle/api/internal/changedetection/state/IntegerValueSnapshot done
Event: 35.130 loading class org/gradle/api/internal/changedetection/state/MissingFileSnapshot
Event: 35.130 loading class org/gradle/api/internal/changedetection/state/MissingFileSnapshot done
Event: 35.139 Thread 0x0000000019e38800 Uncommon trap: trap_request=0xffffffc6 fr.pc=0x00000000048f1544
Event: 35.139 Thread 0x0000000019e38800 DEOPT PACKING pc=0x00000000048f1544 sp=0x000000001b0bbba0
Event: 35.139 Thread 0x0000000019e38800 DEOPT UNPACKING pc=0x000000000377557b sp=0x000000001b0bbb80 mode 2
Event: 35.223 loading class org/gradle/api/internal/changedetection/state/FileValueSnapshot
Event: 35.223 loading class org/gradle/api/internal/changedetection/state/FileValueSnapshot done
Event: 35.242 loading class org/gradle/api/internal/changedetection/state/ListValueSnapshot
Event: 35.242 loading class org/gradle/api/internal/changedetection/state/ListValueSnapshot done


Dynamic libraries:
0x00007ff643f50000 - 0x00007ff643f81000 	D:\software data\android\android studio\jre\bin\java.exe
0x00007ffd98290000 - 0x00007ffd98471000 	C:\WINDOWS\SYSTEM32\ntdll.dll
0x00007ffd97f10000 - 0x00007ffd97fc2000 	C:\WINDOWS\System32\KERNEL32.DLL
0x00007ffd94880000 - 0x00007ffd94af3000 	C:\WINDOWS\System32\KERNELBASE.dll
0x00007ffd97850000 - 0x00007ffd978f1000 	C:\WINDOWS\System32\ADVAPI32.dll
0x00007ffd97a00000 - 0x00007ffd97a9e000 	C:\WINDOWS\System32\msvcrt.dll
0x00007ffd95880000 - 0x00007ffd958db000 	C:\WINDOWS\System32\sechost.dll
0x00007ffd976b0000 - 0x00007ffd977d4000 	C:\WINDOWS\System32\RPCRT4.dll
0x00007ffd980b0000 - 0x00007ffd98240000 	C:\WINDOWS\System32\USER32.dll
0x00007ffd94660000 - 0x00007ffd94680000 	C:\WINDOWS\System32\win32u.dll
0x00007ffd97900000 - 0x00007ffd97928000 	C:\WINDOWS\System32\GDI32.dll
0x00007ffd94680000 - 0x00007ffd94812000 	C:\WINDOWS\System32\gdi32full.dll
0x00007ffd95310000 - 0x00007ffd953af000 	C:\WINDOWS\System32\msvcp_win.dll
0x00007ffd95210000 - 0x00007ffd9530a000 	C:\WINDOWS\System32\ucrtbase.dll
0x00007ffd84ae0000 - 0x00007ffd84d49000 	C:\WINDOWS\WinSxS\amd64_microsoft.windows.common-controls_6595b64144ccf1df_6.0.17134.285_none_fb4297e330656775\COMCTL32.dll
0x00007ffd958e0000 - 0x00007ffd95c03000 	C:\WINDOWS\System32\combase.dll
0x00007ffd95460000 - 0x00007ffd954da000 	C:\WINDOWS\System32\bcryptPrimitives.dll
0x00007ffd97ee0000 - 0x00007ffd97f0d000 	C:\WINDOWS\System32\IMM32.DLL
0x0000000077f20000 - 0x0000000077ff2000 	D:\software data\android\android studio\jre\jre\bin\msvcr100.dll
0x0000000076730000 - 0x0000000076f6f000 	D:\software data\android\android studio\jre\jre\bin\server\jvm.dll
0x00007ffd97dd0000 - 0x00007ffd97dd8000 	C:\WINDOWS\System32\PSAPI.DLL
0x00007ffd87a80000 - 0x00007ffd87a89000 	C:\WINDOWS\SYSTEM32\WSOCK32.dll
0x00007ffd93210000 - 0x00007ffd9321a000 	C:\WINDOWS\SYSTEM32\VERSION.dll
0x00007ffd902f0000 - 0x00007ffd90313000 	C:\WINDOWS\SYSTEM32\WINMM.dll
0x00007ffd977e0000 - 0x00007ffd9784c000 	C:\WINDOWS\System32\WS2_32.dll
0x00007ffd902c0000 - 0x00007ffd902ea000 	C:\WINDOWS\SYSTEM32\WINMMBASE.dll
0x00007ffd954e0000 - 0x00007ffd95529000 	C:\WINDOWS\System32\cfgmgr32.dll
0x00007ffd7fd00000 - 0x00007ffd7fd0f000 	D:\software data\android\android studio\jre\jre\bin\verify.dll
0x00007ffd651b0000 - 0x00007ffd651d9000 	D:\software data\android\android studio\jre\jre\bin\java.dll
0x00007ffd65190000 - 0x00007ffd651a6000 	D:\software data\android\android studio\jre\jre\bin\zip.dll
0x00007ffd95c10000 - 0x00007ffd97050000 	C:\WINDOWS\System32\SHELL32.dll
0x00007ffd97d20000 - 0x00007ffd97dc9000 	C:\WINDOWS\System32\shcore.dll
0x00007ffd94b00000 - 0x00007ffd9520d000 	C:\WINDOWS\System32\windows.storage.dll
0x00007ffd97650000 - 0x00007ffd976a1000 	C:\WINDOWS\System32\shlwapi.dll
0x00007ffd94620000 - 0x00007ffd94631000 	C:\WINDOWS\System32\kernel.appcore.dll
0x00007ffd945f0000 - 0x00007ffd9460f000 	C:\WINDOWS\System32\profapi.dll
0x00007ffd945a0000 - 0x00007ffd945ec000 	C:\WINDOWS\System32\powrprof.dll
0x00007ffd94610000 - 0x00007ffd9461a000 	C:\WINDOWS\System32\FLTLIB.DLL
0x00007ffd65170000 - 0x00007ffd6518a000 	D:\software data\android\android studio\jre\jre\bin\net.dll
0x00007ffd93dc0000 - 0x00007ffd93e26000 	C:\WINDOWS\system32\mswsock.dll
0x00007ffd64fe0000 - 0x00007ffd64ff1000 	D:\software data\android\android studio\jre\jre\bin\nio.dll
0x00007ffd662e0000 - 0x00007ffd662fe000 	C:\Users\LENOVO-PC\.gradle\native\25\windows-amd64\native-platform.dll
0x00007ffd64fd0000 - 0x00007ffd64fdd000 	D:\software data\android\android studio\jre\jre\bin\management.dll
0x00007ffd93f70000 - 0x00007ffd93f87000 	C:\WINDOWS\SYSTEM32\CRYPTSP.dll
0x00007ffd939a0000 - 0x00007ffd939d3000 	C:\WINDOWS\system32\rsaenh.dll
0x00007ffd940a0000 - 0x00007ffd940c5000 	C:\WINDOWS\SYSTEM32\bcrypt.dll
0x00007ffd944d0000 - 0x00007ffd944f8000 	C:\WINDOWS\SYSTEM32\USERENV.dll
0x00007ffd93f90000 - 0x00007ffd93f9b000 	C:\WINDOWS\SYSTEM32\CRYPTBASE.dll
0x00007ffd93b40000 - 0x00007ffd93b78000 	C:\WINDOWS\SYSTEM32\IPHLPAPI.DLL
0x00007ffd97aa0000 - 0x00007ffd97aa8000 	C:\WINDOWS\System32\NSI.dll
0x00007ffd8c240000 - 0x00007ffd8c256000 	C:\WINDOWS\SYSTEM32\dhcpcsvc6.DLL
0x00007ffd8c050000 - 0x00007ffd8c06a000 	C:\WINDOWS\SYSTEM32\dhcpcsvc.DLL

VM Arguments:
jvm_args: -Xmx1536m -Dfile.encoding=GBK -Duser.country=CN -Duser.language=zh -Duser.variant 
java_command: org.gradle.launcher.daemon.bootstrap.GradleDaemon 4.4
java_class_path (initial): C:\Users\LENOVO-PC\.gradle\wrapper\dists\gradle-4.4-all\9br9xq1tocpiv8o6njlyu5op1\gradle-4.4\lib\gradle-launcher-4.4.jar
Launcher Type: SUN_STANDARD

Environment Variables:
JAVA_HOME=C:\Program Files (x86)\Java\jdk1.8.0_171
CLASSPATH=C:\Program Files (x86)\Java\jdk1.6.0_45\jre\lib\rt.jar;.;C:\Program Files (x86)\Java\jdk1.6.0_45\jre\lib\dt.jar;.;C:\Program Files (x86)\Java\jdk1.6.0_45\jre\lib\tools.jar;.;"%JAVA_HOM%\lib;C:\Program Files (x86)\Java\jdk1.8.0_171\lib\tools.jar";
PATH=C:\Program Files (x86)\Java\jdk1.6.0_45\bin;D:\app\LENOVO-PC\product\11.2.0\dbhome_2\bin;C:\Program Files (x86)\Lenovo\FusionEngine;C:\WINDOWS\system32;C:\WINDOWS;C:\WINDOWS\System32\Wbem;C:\WINDOWS\System32\WindowsPowerShell\v1.0\;C:\Program Files (x86)\ATI Technologies\ATI.ACE\Core-Static;C:\Program Files\SASHome\Secure\ccme4;C:\Program Files\SASHome\x86\Secure\ccme4;D:\software data\mat_lab\runtime\win64;D:\software data\mat_lab\bin;C:\Program Files (x86)\Java\jdk1.8.0_171\bin;D:\software data\android\Git\Git\cmd;C:\WINDOWS\System32\OpenSSH\;D:\software data\MySql\bin;C:\Users\LENOVO-PC\AppData\Local\Microsoft\WindowsApps;;%USERPROFILE%\AppData\Local\Microsoft\WindowsApps
USERNAME=LENOVO-PC
OS=Windows_NT
PROCESSOR_IDENTIFIER=AMD64 Family 22 Model 48 Stepping 1, AuthenticAMD



---------------  S Y S T E M  ---------------

OS: Windows 10.0 , 64 bit Build 17134 (10.0.17134.1)

CPU:total 4 (initial active 4) (4 cores per cpu, 1 threads per core) family 22 model 48 stepping 1, cmov, cx8, fxsr, mmx, sse, sse2, sse3, ssse3, sse4.1, sse4.2, popcnt, avx, aes, clmul, mmxext, 3dnowpref, lzcnt, sse4a, tsc, tscinvbit, tscinv, bmi1

Memory: 4k page, physical 3593192k(378496k free), swap 3593192k(3932k free)

vm_info: OpenJDK 64-Bit Server VM (25.152-b02) for windows-amd64 JRE (1.8.0_152-release-1024-b02), built by "builder" with MS VC++ 10.0 (VS2010)

time: Thu Oct 11 13:42:20 2018
elapsed time: 35 seconds (0d 0h 0m 35s)

