#
# There is insufficient memory for the Java Runtime Environment to continue.
# Native memory allocation (malloc) failed to allocate 1068944 bytes for Chunk::new
# Possible reasons:
#   The system is out of physical RAM or swap space
#   In 32 bit mode, the process size limit was hit
# Possible solutions:
#   Reduce memory load on the system
#   Increase physical memory or swap space
#   Check if swap backing store is full
#   Use 64 bit Java on a 64 bit OS
#   Decrease Java heap size (-Xmx/-Xms)
#   Decrease number of Java threads
#   Decrease Java thread stack sizes (-Xss)
#   Set larger code cache with -XX:ReservedCodeCacheSize=
# This output file may be truncated or incomplete.
#
#  Out of Memory Error (allocation.cpp:390), pid=5804, tid=0x0000000000002b28
#
# JRE version: OpenJDK Runtime Environment (8.0_152-b02) (build 1.8.0_152-release-1024-b02)
# Java VM: OpenJDK 64-Bit Server VM (25.152-b02 mixed mode windows-amd64 compressed oops)
# Failed to write core dump. Minidumps are not enabled by default on client versions of Windows
#

---------------  T H R E A D  ---------------

Current thread (0x00000000164bc800):  JavaThread "C2 CompilerThread1" daemon [_thread_in_native, id=11048, stack(0x0000000017f10000,0x0000000018010000)]

Stack: [0x0000000017f10000,0x0000000018010000]
[error occurred during error reporting (printing stack bounds), id 0xc0000005]

Native frames: (J=compiled Java code, j=interpreted, Vv=VM code, C=native code)


Current CompileTask:
C2:  15965 2895       4       groovy.lang.MetaClassImpl$1MOPIter::methodNameAction (479 bytes)


---------------  P R O C E S S  ---------------

Java Threads: ( => current thread )
  0x0000000017821800 JavaThread "build operations Thread 4" [_thread_blocked, id=1164, stack(0x000000001ee30000,0x000000001ef30000)]
  0x0000000017821000 JavaThread "build operations Thread 3" [_thread_blocked, id=9480, stack(0x000000001ed30000,0x000000001ee30000)]
  0x0000000017820000 JavaThread "build operations Thread 2" [_thread_blocked, id=10060, stack(0x000000001ec30000,0x000000001ed30000)]
  0x0000000017822800 JavaThread "build operations" [_thread_blocked, id=5480, stack(0x000000001eb30000,0x000000001ec30000)]
  0x0000000017826000 JavaThread "Cache worker for Artifact transforms cache (C:\Users\LENOVO-PC\.gradle\caches\transforms-1)" [_thread_blocked, id=4716, stack(0x000000001e730000,0x000000001e830000)]
  0x000000001acab800 JavaThread "Cache worker for file hash cache (D:\software data\android\Counter\.gradle\4.4\fileHashes)" [_thread_blocked, id=9900, stack(0x000000001bb80000,0x000000001bc80000)]
  0x00000000191bf000 JavaThread "File lock request listener" [_thread_in_native, id=10344, stack(0x000000001aab0000,0x000000001abb0000)]
  0x0000000019430800 JavaThread "Cache worker for file hash cache (C:\Users\LENOVO-PC\.gradle\caches\4.4\fileHashes)" [_thread_blocked, id=5796, stack(0x000000001a9b0000,0x000000001aab0000)]
  0x0000000017adb000 JavaThread "Stdin handler" [_thread_blocked, id=9812, stack(0x000000001a6b0000,0x000000001a7b0000)]
  0x0000000017ada000 JavaThread "Asynchronous log dispatcher for DefaultDaemonConnection: socket connection from /127.0.0.1:55582 to /127.0.0.1:55583" [_thread_blocked, id=7720, stack(0x000000001a5b0000,0x000000001a6b0000)]
  0x0000000017ad6800 JavaThread "Daemon worker" [_thread_in_Java, id=6960, stack(0x000000001a4b0000,0x000000001a5b0000)]
  0x0000000017ae5000 JavaThread "Cancel handler" [_thread_blocked, id=10440, stack(0x000000001a3b0000,0x000000001a4b0000)]
  0x0000000018934000 JavaThread "Handler for socket connection from /127.0.0.1:55582 to /127.0.0.1:55583" [_thread_in_native, id=7364, stack(0x000000001a0b0000,0x000000001a1b0000)]
  0x000000001892e800 JavaThread "Daemon" [_thread_blocked, id=11068, stack(0x0000000019fb0000,0x000000001a0b0000)]
  0x000000001787c000 JavaThread "Daemon periodic checks" [_thread_blocked, id=10484, stack(0x0000000019eb0000,0x0000000019fb0000)]
  0x000000001874a800 JavaThread "Incoming local TCP Connector on port 55582" [_thread_in_native, id=4824, stack(0x0000000019d00000,0x0000000019e00000)]
  0x0000000017895000 JavaThread "Service Thread" daemon [_thread_blocked, id=8628, stack(0x0000000018110000,0x0000000018210000)]
  0x0000000017823000 JavaThread "C1 CompilerThread2" daemon [_thread_in_vm, id=9156, stack(0x0000000018010000,0x0000000018110000)]
=>0x00000000164bc800 JavaThread "C2 CompilerThread1" daemon [_thread_in_native, id=11048, stack(0x0000000017f10000,0x0000000018010000)]
  0x000000001646f800 JavaThread "C2 CompilerThread0" daemon [_thread_in_native, id=1480, stack(0x0000000017e10000,0x0000000017f10000)]
  0x000000001646e800 JavaThread "Attach Listener" daemon [_thread_blocked, id=10712, stack(0x0000000017d10000,0x0000000017e10000)]
  0x0000000017818800 JavaThread "Signal Dispatcher" daemon [_thread_blocked, id=4480, stack(0x0000000017c10000,0x0000000017d10000)]
  0x0000000016448800 JavaThread "Finalizer" daemon [_thread_blocked, id=10248, stack(0x00000000176b0000,0x00000000177b0000)]
  0x0000000002a74800 JavaThread "Reference Handler" daemon [_thread_blocked, id=10196, stack(0x00000000175b0000,0x00000000176b0000)]
  0x0000000002982800 JavaThread "main" [_thread_blocked, id=9868, stack(0x0000000002530000,0x0000000002630000)]

Other Threads:
  0x0000000016425000 VMThread [stack: 0x00000000174b0000,0x00000000175b0000] [id=8632]
  0x000000001789e000 WatcherThread [stack: 0x0000000018210000,0x0000000018310000] [id=11196]

VM state:not at safepoint (normal execution)

VM Mutex/Monitor currently owned by a thread: None

Heap:
 PSYoungGen      total 99328K, used 89305K [0x00000000e0000000, 0x00000000e8080000, 0x0000000100000000)
  eden space 92160K, 89% used [0x00000000e0000000,0x00000000e50aa4d8,0x00000000e5a00000)
  from space 7168K, 93% used [0x00000000e7980000,0x00000000e800c048,0x00000000e8080000)
  to   space 8192K, 0% used [0x00000000e7080000,0x00000000e7080000,0x00000000e7880000)
 ParOldGen       total 36352K, used 11715K [0x00000000a0000000, 0x00000000a2380000, 0x00000000e0000000)
  object space 36352K, 32% used [0x00000000a0000000,0x00000000a0b70ca0,0x00000000a2380000)
 Metaspace       used 32180K, capacity 32850K, committed 33152K, reserved 1077248K
  class space    used 4480K, capacity 4678K, committed 4736K, reserved 1048576K

Card table byte_map: [0x0000000011eb0000,0x00000000121c0000] byte_map_base: 0x00000000119b0000

Marking Bits: (ParMarkBitMap*) 0x0000000076ef4970
 Begin Bits: [0x00000000127c0000, 0x0000000013fc0000)
 End Bits:   [0x0000000013fc0000, 0x00000000157c0000)

Polling page: 0x0000000000df0000

CodeCache: size=245760Kb used=10476Kb max_used=10480Kb free=235284Kb
 bounds [0x0000000002af0000, 0x0000000003540000, 0x0000000011af0000]
 total_blobs=3552 nmethods=2872 adapters=594
 compilation: enabled

Compilation events (10 events):
Event: 15.867 Thread 0x0000000017823000 3040       3       jdk.internal.org.objectweb.asm.Type::getArgumentTypes (131 bytes)
Event: 15.869 Thread 0x0000000017823000 nmethod 3040 0x0000000003510b90 code [0x0000000003510d60, 0x0000000003511638]
Event: 15.870 Thread 0x0000000017823000 3041       3       sun.invoke.util.Wrapper::hashPrim (30 bytes)
Event: 15.871 Thread 0x0000000017823000 nmethod 3041 0x00000000035119d0 code [0x0000000003511ba0, 0x00000000035123e8]
Event: 15.874 Thread 0x0000000017823000 3042   !   3       java.lang.invoke.MemberName::clone (14 bytes)
Event: 15.875 Thread 0x0000000017823000 nmethod 3042 0x00000000035127d0 code [0x0000000003512960, 0x0000000003512d18]
Event: 15.875 Thread 0x0000000017823000 3043       3       jdk.internal.org.objectweb.asm.MethodWriter::visitInsn (106 bytes)
Event: 15.876 Thread 0x0000000017823000 nmethod 3043 0x0000000003512ed0 code [0x0000000003513080, 0x0000000003513528]
Event: 15.880 Thread 0x0000000017823000 3044       3       com.google.common.collect.MapMakerInternalMap$StrongEntry::setValueReference (18 bytes)
Event: 15.880 Thread 0x0000000017823000 nmethod 3044 0x00000000035136d0 code [0x0000000003513840, 0x0000000003513a88]

GC Heap History (10 events):
Event: 8.005 GC heap before
{Heap before GC invocations=5 (full 0):
 PSYoungGen      total 31744K, used 31720K [0x00000000e0000000, 0x00000000e2100000, 0x0000000100000000)
  eden space 29696K, 100% used [0x00000000e0000000,0x00000000e1d00000,0x00000000e1d00000)
  from space 2048K, 98% used [0x00000000e1f00000,0x00000000e20fa020,0x00000000e2100000)
  to   space 2048K, 0% used [0x00000000e1d00000,0x00000000e1d00000,0x00000000e1f00000)
 ParOldGen       total 38400K, used 4690K [0x00000000a0000000, 0x00000000a2580000, 0x00000000e0000000)
  object space 38400K, 12% used [0x00000000a0000000,0x00000000a0494bb0,0x00000000a2580000)
 Metaspace       used 13383K, capacity 13790K, committed 14080K, reserved 1060864K
  class space    used 1827K, capacity 1965K, committed 2048K, reserved 1048576K
Event: 8.016 GC heap after
Heap after GC invocations=5 (full 0):
 PSYoungGen      total 31744K, used 2040K [0x00000000e0000000, 0x00000000e4500000, 0x0000000100000000)
  eden space 29696K, 0% used [0x00000000e0000000,0x00000000e0000000,0x00000000e1d00000)
  from space 2048K, 99% used [0x00000000e1d00000,0x00000000e1efe030,0x00000000e1f00000)
  to   space 5632K, 0% used [0x00000000e3f80000,0x00000000e3f80000,0x00000000e4500000)
 ParOldGen       total 38400K, used 8099K [0x00000000a0000000, 0x00000000a2580000, 0x00000000e0000000)
  object space 38400K, 21% used [0x00000000a0000000,0x00000000a07e8c28,0x00000000a2580000)
 Metaspace       used 13383K, capacity 13790K, committed 14080K, reserved 1060864K
  class space    used 1827K, capacity 1965K, committed 2048K, reserved 1048576K
}
Event: 9.115 GC heap before
{Heap before GC invocations=6 (full 0):
 PSYoungGen      total 31744K, used 31736K [0x00000000e0000000, 0x00000000e4500000, 0x0000000100000000)
  eden space 29696K, 100% used [0x00000000e0000000,0x00000000e1d00000,0x00000000e1d00000)
  from space 2048K, 99% used [0x00000000e1d00000,0x00000000e1efe030,0x00000000e1f00000)
  to   space 5632K, 0% used [0x00000000e3f80000,0x00000000e3f80000,0x00000000e4500000)
 ParOldGen       total 38400K, used 8099K [0x00000000a0000000, 0x00000000a2580000, 0x00000000e0000000)
  object space 38400K, 21% used [0x00000000a0000000,0x00000000a07e8c28,0x00000000a2580000)
 Metaspace       used 16412K, capacity 16802K, committed 16896K, reserved 1062912K
  class space    used 2322K, capacity 2479K, committed 2560K, reserved 1048576K
Event: 9.141 GC heap after
Heap after GC invocations=6 (full 0):
 PSYoungGen      total 64000K, used 5629K [0x00000000e0000000, 0x00000000e4700000, 0x0000000100000000)
  eden space 58368K, 0% used [0x00000000e0000000,0x00000000e0000000,0x00000000e3900000)
  from space 5632K, 99% used [0x00000000e3f80000,0x00000000e44ff5e0,0x00000000e4500000)
  to   space 6656K, 0% used [0x00000000e3900000,0x00000000e3900000,0x00000000e3f80000)
 ParOldGen       total 38400K, used 8426K [0x00000000a0000000, 0x00000000a2580000, 0x00000000e0000000)
  object space 38400K, 21% used [0x00000000a0000000,0x00000000a083a9c0,0x00000000a2580000)
 Metaspace       used 16412K, capacity 16802K, committed 16896K, reserved 1062912K
  class space    used 2322K, capacity 2479K, committed 2560K, reserved 1048576K
}
Event: 10.313 GC heap before
{Heap before GC invocations=7 (full 0):
 PSYoungGen      total 64000K, used 31847K [0x00000000e0000000, 0x00000000e4700000, 0x0000000100000000)
  eden space 58368K, 44% used [0x00000000e0000000,0x00000000e199a730,0x00000000e3900000)
  from space 5632K, 99% used [0x00000000e3f80000,0x00000000e44ff5e0,0x00000000e4500000)
  to   space 6656K, 0% used [0x00000000e3900000,0x00000000e3900000,0x00000000e3f80000)
 ParOldGen       total 38400K, used 8426K [0x00000000a0000000, 0x00000000a2580000, 0x00000000e0000000)
  object space 38400K, 21% used [0x00000000a0000000,0x00000000a083a9c0,0x00000000a2580000)
 Metaspace       used 20808K, capacity 21212K, committed 21248K, reserved 1067008K
  class space    used 2895K, capacity 3042K, committed 3072K, reserved 1048576K
Event: 10.331 GC heap after
Heap after GC invocations=7 (full 0):
 PSYoungGen      total 65024K, used 6465K [0x00000000e0000000, 0x00000000e8100000, 0x0000000100000000)
  eden space 58368K, 0% used [0x00000000e0000000,0x00000000e0000000,0x00000000e3900000)
  from space 6656K, 97% used [0x00000000e3900000,0x00000000e3f50618,0x00000000e3f80000)
  to   space 7680K, 0% used [0x00000000e7980000,0x00000000e7980000,0x00000000e8100000)
 ParOldGen       total 38400K, used 9153K [0x00000000a0000000, 0x00000000a2580000, 0x00000000e0000000)
  object space 38400K, 23% used [0x00000000a0000000,0x00000000a08f0520,0x00000000a2580000)
 Metaspace       used 20808K, capacity 21212K, committed 21248K, reserved 1067008K
  class space    used 2895K, capacity 3042K, committed 3072K, reserved 1048576K
}
Event: 10.331 GC heap before
{Heap before GC invocations=8 (full 1):
 PSYoungGen      total 65024K, used 6465K [0x00000000e0000000, 0x00000000e8100000, 0x0000000100000000)
  eden space 58368K, 0% used [0x00000000e0000000,0x00000000e0000000,0x00000000e3900000)
  from space 6656K, 97% used [0x00000000e3900000,0x00000000e3f50618,0x00000000e3f80000)
  to   space 7680K, 0% used [0x00000000e7980000,0x00000000e7980000,0x00000000e8100000)
 ParOldGen       total 38400K, used 9153K [0x00000000a0000000, 0x00000000a2580000, 0x00000000e0000000)
  object space 38400K, 23% used [0x00000000a0000000,0x00000000a08f0520,0x00000000a2580000)
 Metaspace       used 20808K, capacity 21212K, committed 21248K, reserved 1067008K
  class space    used 2895K, capacity 3042K, committed 3072K, reserved 1048576K
Event: 10.431 GC heap after
Heap after GC invocations=8 (full 1):
 PSYoungGen      total 65024K, used 0K [0x00000000e0000000, 0x00000000e8100000, 0x0000000100000000)
  eden space 58368K, 0% used [0x00000000e0000000,0x00000000e0000000,0x00000000e3900000)
  from space 6656K, 0% used [0x00000000e3900000,0x00000000e3900000,0x00000000e3f80000)
  to   space 7680K, 0% used [0x00000000e7980000,0x00000000e7980000,0x00000000e8100000)
 ParOldGen       total 36352K, used 11707K [0x00000000a0000000, 0x00000000a2380000, 0x00000000e0000000)
  object space 36352K, 32% used [0x00000000a0000000,0x00000000a0b6eca0,0x00000000a2380000)
 Metaspace       used 20808K, capacity 21212K, committed 21248K, reserved 1067008K
  class space    used 2895K, capacity 3042K, committed 3072K, reserved 1048576K
}
Event: 12.736 GC heap before
{Heap before GC invocations=9 (full 1):
 PSYoungGen      total 65024K, used 58368K [0x00000000e0000000, 0x00000000e8100000, 0x0000000100000000)
  eden space 58368K, 100% used [0x00000000e0000000,0x00000000e3900000,0x00000000e3900000)
  from space 6656K, 0% used [0x00000000e3900000,0x00000000e3900000,0x00000000e3f80000)
  to   space 7680K, 0% used [0x00000000e7980000,0x00000000e7980000,0x00000000e8100000)
 ParOldGen       total 36352K, used 11707K [0x00000000a0000000, 0x00000000a2380000, 0x00000000e0000000)
  object space 36352K, 32% used [0x00000000a0000000,0x00000000a0b6eca0,0x00000000a2380000)
 Metaspace       used 26371K, capacity 26870K, committed 27136K, reserved 1073152K
  class space    used 3610K, capacity 3767K, committed 3840K, reserved 1048576K
Event: 12.755 GC heap after
Heap after GC invocations=9 (full 1):
 PSYoungGen      total 99328K, used 6704K [0x00000000e0000000, 0x00000000e8080000, 0x0000000100000000)
  eden space 92160K, 0% used [0x00000000e0000000,0x00000000e0000000,0x00000000e5a00000)
  from space 7168K, 93% used [0x00000000e7980000,0x00000000e800c048,0x00000000e8080000)
  to   space 8192K, 0% used [0x00000000e7080000,0x00000000e7080000,0x00000000e7880000)
 ParOldGen       total 36352K, used 11715K [0x00000000a0000000, 0x00000000a2380000, 0x00000000e0000000)
  object space 36352K, 32% used [0x00000000a0000000,0x00000000a0b70ca0,0x00000000a2380000)
 Metaspace       used 26371K, capacity 26870K, committed 27136K, reserved 1073152K
  class space    used 3610K, capacity 3767K, committed 3840K, reserved 1048576K
}

Deoptimization events (10 events):
Event: 14.326 Thread 0x0000000017821000 Uncommon trap: reason=unstable_if action=reinterpret pc=0x000000000300ea64 method=java.util.concurrent.ConcurrentHashMap.addCount(JI)V @ 34
Event: 14.340 Thread 0x0000000017820000 Uncommon trap: reason=unstable_if action=reinterpret pc=0x0000000002fa780c method=java.util.concurrent.ConcurrentHashMap.addCount(JI)V @ 7
Event: 14.864 Thread 0x0000000017ad6800 Uncommon trap: reason=unstable_if action=reinterpret pc=0x0000000002ddbd84 method=java.util.jar.JarFile.match([C[B[I[I)Z @ 29
Event: 15.014 Thread 0x0000000017ad6800 Uncommon trap: reason=unstable_if action=reinterpret pc=0x00000000032f90a0 method=java.net.URLClassLoader.isSealed(Ljava/lang/String;Ljava/util/jar/Manifest;)Z @ 26
Event: 15.017 Thread 0x0000000017ad6800 Uncommon trap: reason=unstable_if action=reinterpret pc=0x00000000032d6854 method=java.net.URLClassLoader.isSealed(Ljava/lang/String;Ljava/util/jar/Manifest;)Z @ 26
Event: 15.178 Thread 0x0000000017ad6800 Uncommon trap: reason=range_check action=make_not_entrant pc=0x000000000338ffdc method=java.lang.String.charAt(I)C @ 27
Event: 15.645 Thread 0x0000000017ad6800 Uncommon trap: reason=class_check action=maybe_recompile pc=0x0000000002c448e0 method=java.io.BufferedInputStream.read1([BII)I @ 39
Event: 15.646 Thread 0x0000000017ad6800 Uncommon trap: reason=class_check action=maybe_recompile pc=0x0000000002c448e0 method=java.io.BufferedInputStream.read1([BII)I @ 39
Event: 15.646 Thread 0x0000000017ad6800 Uncommon trap: reason=class_check action=maybe_recompile pc=0x0000000002c448e0 method=java.io.BufferedInputStream.read1([BII)I @ 39
Event: 15.651 Thread 0x0000000017ad6800 Uncommon trap: reason=unstable_if action=reinterpret pc=0x000000000337f710 method=java.util.regex.Pattern.has(I)Z @ 6

Classes redefined (0 events):
No events

Internal exceptions (10 events):
Event: 15.300 Thread 0x0000000017ad6800 Exception <a 'java/lang/ClassNotFoundException': org/gradle/api/internal/AbstractTaskBeanInfo> (0x00000000e443b278) thrown at [D:\src\AOSP-openjdk-cygwin\jdk8u\hotspot\src\share\vm\classfile\systemDictionary.cpp, line 210]
Event: 15.301 Thread 0x0000000017ad6800 Exception <a 'java/lang/ClassNotFoundException': org/gradle/api/internal/AbstractTaskCustomizer> (0x00000000e44651f0) thrown at [D:\src\AOSP-openjdk-cygwin\jdk8u\hotspot\src\share\vm\classfile\systemDictionary.cpp, line 210]
Event: 15.311 Thread 0x0000000017ad6800 Exception <a 'java/lang/ClassNotFoundException': org/gradle/api/DefaultTaskCustomizer> (0x00000000e44ecf70) thrown at [D:\src\AOSP-openjdk-cygwin\jdk8u\hotspot\src\share\vm\classfile\systemDictionary.cpp, line 210]
Event: 15.314 Thread 0x0000000017ad6800 Exception <a 'java/lang/ClassNotFoundException': org/gradle/api/internal/ConventionTaskCustomizer> (0x00000000e4526780) thrown at [D:\src\AOSP-openjdk-cygwin\jdk8u\hotspot\src\share\vm\classfile\systemDictionary.cpp, line 210]
Event: 15.319 Thread 0x0000000017ad6800 Exception <a 'java/lang/ClassNotFoundException': org/gradle/api/tasks/DeleteCustomizer> (0x00000000e455de98) thrown at [D:\src\AOSP-openjdk-cygwin\jdk8u\hotspot\src\share\vm\classfile\systemDictionary.cpp, line 210]
Event: 15.324 Thread 0x0000000017ad6800 Exception <a 'java/lang/ClassNotFoundException': org/gradle/api/tasks/Delete_DecoratedCustomizer> (0x00000000e45a2f68) thrown at [D:\src\AOSP-openjdk-cygwin\jdk8u\hotspot\src\share\vm\classfile\systemDictionary.cpp, line 210]
Event: 15.409 Thread 0x0000000017ad6800 Exception <a 'java/lang/ClassNotFoundException': build_4behrq1rx53ku24mvd9hmcjvkBeanInfo> (0x00000000e46f37c0) thrown at [D:\src\AOSP-openjdk-cygwin\jdk8u\hotspot\src\share\vm\classfile\systemDictionary.cpp, line 210]
Event: 15.410 Thread 0x0000000017ad6800 Exception <a 'java/lang/ClassNotFoundException': build_4behrq1rx53ku24mvd9hmcjvkCustomizer> (0x00000000e46fdce0) thrown at [D:\src\AOSP-openjdk-cygwin\jdk8u\hotspot\src\share\vm\classfile\systemDictionary.cpp, line 210]
Event: 15.425 Thread 0x0000000017ad6800 Exception <a 'java/lang/ClassNotFoundException': org/gradle/api/internal/plugins/DefaultObjectConfigurationActionBeanInfo> (0x00000000e4762e28) thrown at [D:\src\AOSP-openjdk-cygwin\jdk8u\hotspot\src\share\vm\classfile\systemDictionary.cpp, line 210]
Event: 15.428 Thread 0x0000000017ad6800 Exception <a 'java/lang/ClassNotFoundException': org/gradle/api/internal/plugins/DefaultObjectConfigurationActionCustomizer> (0x00000000e4799118) thrown at [D:\src\AOSP-openjdk-cygwin\jdk8u\hotspot\src\share\vm\classfile\systemDictionary.cpp, line 210]

Events (10 events):
Event: 15.891 loading class com/android/builder/model/AaptOptions$Namespacing
Event: 15.891 loading class com/android/builder/model/AaptOptions$Namespacing done
Event: 15.892 loading class com/google/common/base/MoreObjects
Event: 15.892 loading class com/google/common/base/MoreObjects done
Event: 15.893 loading class com/google/common/collect/SparseImmutableTable
Event: 15.893 loading class com/google/common/collect/SparseImmutableTable done
Event: 15.894 loading class com/google/common/collect/RegularImmutableTable$Values
Event: 15.894 loading class com/google/common/collect/RegularImmutableTable$Values done
Event: 15.896 loading class com/google/common/collect/DenseImmutableTable
Event: 15.896 loading class com/google/common/collect/DenseImmutableTable done


Dynamic libraries:
0x00007ff643f50000 - 0x00007ff643f81000 	D:\software data\android\android studio\jre\bin\java.exe
0x00007ffd98290000 - 0x00007ffd98471000 	C:\WINDOWS\SYSTEM32\ntdll.dll
0x00007ffd97f10000 - 0x00007ffd97fc2000 	C:\WINDOWS\System32\KERNEL32.DLL
0x00007ffd94880000 - 0x00007ffd94af3000 	C:\WINDOWS\System32\KERNELBASE.dll
0x00007ffd97850000 - 0x00007ffd978f1000 	C:\WINDOWS\System32\ADVAPI32.dll
0x00007ffd97a00000 - 0x00007ffd97a9e000 	C:\WINDOWS\System32\msvcrt.dll
0x00007ffd95880000 - 0x00007ffd958db000 	C:\WINDOWS\System32\sechost.dll
0x00007ffd976b0000 - 0x00007ffd977d4000 	C:\WINDOWS\System32\RPCRT4.dll
0x00007ffd980b0000 - 0x00007ffd98240000 	C:\WINDOWS\System32\USER32.dll
0x00007ffd94660000 - 0x00007ffd94680000 	C:\WINDOWS\System32\win32u.dll
0x00007ffd97900000 - 0x00007ffd97928000 	C:\WINDOWS\System32\GDI32.dll
0x00007ffd94680000 - 0x00007ffd94812000 	C:\WINDOWS\System32\gdi32full.dll
0x00007ffd95310000 - 0x00007ffd953af000 	C:\WINDOWS\System32\msvcp_win.dll
0x00007ffd95210000 - 0x00007ffd9530a000 	C:\WINDOWS\System32\ucrtbase.dll
0x00007ffd84ae0000 - 0x00007ffd84d49000 	C:\WINDOWS\WinSxS\amd64_microsoft.windows.common-controls_6595b64144ccf1df_6.0.17134.285_none_fb4297e330656775\COMCTL32.dll
0x00007ffd958e0000 - 0x00007ffd95c03000 	C:\WINDOWS\System32\combase.dll
0x00007ffd95460000 - 0x00007ffd954da000 	C:\WINDOWS\System32\bcryptPrimitives.dll
0x00007ffd97ee0000 - 0x00007ffd97f0d000 	C:\WINDOWS\System32\IMM32.DLL
0x0000000077f20000 - 0x0000000077ff2000 	D:\software data\android\android studio\jre\jre\bin\msvcr100.dll
0x0000000076730000 - 0x0000000076f6f000 	D:\software data\android\android studio\jre\jre\bin\server\jvm.dll
0x00007ffd97dd0000 - 0x00007ffd97dd8000 	C:\WINDOWS\System32\PSAPI.DLL
0x00007ffd902f0000 - 0x00007ffd90313000 	C:\WINDOWS\SYSTEM32\WINMM.dll
0x00007ffd87a80000 - 0x00007ffd87a89000 	C:\WINDOWS\SYSTEM32\WSOCK32.dll
0x00007ffd93210000 - 0x00007ffd9321a000 	C:\WINDOWS\SYSTEM32\VERSION.dll
0x00007ffd977e0000 - 0x00007ffd9784c000 	C:\WINDOWS\System32\WS2_32.dll
0x00007ffd902c0000 - 0x00007ffd902ea000 	C:\WINDOWS\SYSTEM32\winmmbase.dll
0x00007ffd954e0000 - 0x00007ffd95529000 	C:\WINDOWS\System32\cfgmgr32.dll
0x00007ffd7fd00000 - 0x00007ffd7fd0f000 	D:\software data\android\android studio\jre\jre\bin\verify.dll
0x00007ffd651b0000 - 0x00007ffd651d9000 	D:\software data\android\android studio\jre\jre\bin\java.dll
0x00007ffd65190000 - 0x00007ffd651a6000 	D:\software data\android\android studio\jre\jre\bin\zip.dll
0x00007ffd95c10000 - 0x00007ffd97050000 	C:\WINDOWS\System32\SHELL32.dll
0x00007ffd97d20000 - 0x00007ffd97dc9000 	C:\WINDOWS\System32\shcore.dll
0x00007ffd94b00000 - 0x00007ffd9520d000 	C:\WINDOWS\System32\windows.storage.dll
0x00007ffd97650000 - 0x00007ffd976a1000 	C:\WINDOWS\System32\shlwapi.dll
0x00007ffd94620000 - 0x00007ffd94631000 	C:\WINDOWS\System32\kernel.appcore.dll
0x00007ffd945f0000 - 0x00007ffd9460f000 	C:\WINDOWS\System32\profapi.dll
0x00007ffd945a0000 - 0x00007ffd945ec000 	C:\WINDOWS\System32\powrprof.dll
0x00007ffd94610000 - 0x00007ffd9461a000 	C:\WINDOWS\System32\FLTLIB.DLL
0x00007ffd65170000 - 0x00007ffd6518a000 	D:\software data\android\android studio\jre\jre\bin\net.dll
0x00007ffd93dc0000 - 0x00007ffd93e26000 	C:\WINDOWS\system32\mswsock.dll
0x00007ffd64fe0000 - 0x00007ffd64ff1000 	D:\software data\android\android studio\jre\jre\bin\nio.dll
0x00007ffd662e0000 - 0x00007ffd662fe000 	C:\Users\LENOVO-PC\.gradle\native\25\windows-amd64\native-platform.dll
0x00007ffd64fd0000 - 0x00007ffd64fdd000 	D:\software data\android\android studio\jre\jre\bin\management.dll
0x00007ffd93f70000 - 0x00007ffd93f87000 	C:\WINDOWS\SYSTEM32\CRYPTSP.dll
0x00007ffd939a0000 - 0x00007ffd939d3000 	C:\WINDOWS\system32\rsaenh.dll
0x00007ffd940a0000 - 0x00007ffd940c5000 	C:\WINDOWS\SYSTEM32\bcrypt.dll
0x00007ffd944d0000 - 0x00007ffd944f8000 	C:\WINDOWS\SYSTEM32\USERENV.dll
0x00007ffd93f90000 - 0x00007ffd93f9b000 	C:\WINDOWS\SYSTEM32\CRYPTBASE.dll
0x00007ffd93b40000 - 0x00007ffd93b78000 	C:\WINDOWS\SYSTEM32\IPHLPAPI.DLL
0x00007ffd97aa0000 - 0x00007ffd97aa8000 	C:\WINDOWS\System32\NSI.dll
0x00007ffd8c240000 - 0x00007ffd8c256000 	C:\WINDOWS\SYSTEM32\dhcpcsvc6.DLL
0x00007ffd8c050000 - 0x00007ffd8c06a000 	C:\WINDOWS\SYSTEM32\dhcpcsvc.DLL

VM Arguments:
jvm_args: -Xmx1536m -Dfile.encoding=GBK -Duser.country=CN -Duser.language=zh -Duser.variant 
java_command: org.gradle.launcher.daemon.bootstrap.GradleDaemon 4.4
java_class_path (initial): C:\Users\LENOVO-PC\.gradle\wrapper\dists\gradle-4.4-all\9br9xq1tocpiv8o6njlyu5op1\gradle-4.4\lib\gradle-launcher-4.4.jar
Launcher Type: SUN_STANDARD

Environment Variables:
JAVA_HOME=C:\Program Files (x86)\Java\jdk1.8.0_171
CLASSPATH=C:\Program Files (x86)\Java\jdk1.6.0_45\jre\lib\rt.jar;.;C:\Program Files (x86)\Java\jdk1.6.0_45\jre\lib\dt.jar;.;C:\Program Files (x86)\Java\jdk1.6.0_45\jre\lib\tools.jar;.;"%JAVA_HOM%\lib;C:\Program Files (x86)\Java\jdk1.8.0_171\lib\tools.jar";
PATH=C:\Program Files (x86)\Java\jdk1.6.0_45\bin;D:\app\LENOVO-PC\product\11.2.0\dbhome_2\bin;C:\Program Files (x86)\Lenovo\FusionEngine;C:\WINDOWS\system32;C:\WINDOWS;C:\WINDOWS\System32\Wbem;C:\WINDOWS\System32\WindowsPowerShell\v1.0\;C:\Program Files (x86)\ATI Technologies\ATI.ACE\Core-Static;C:\Program Files\SASHome\Secure\ccme4;C:\Program Files\SASHome\x86\Secure\ccme4;D:\software data\mat_lab\runtime\win64;D:\software data\mat_lab\bin;C:\Program Files (x86)\Java\jdk1.8.0_171\bin;D:\software data\android\Git\Git\cmd;C:\WINDOWS\System32\OpenSSH\;D:\software data\MySql\bin;C:\Users\LENOVO-PC\AppData\Local\Microsoft\WindowsApps;;%USERPROFILE%\AppData\Local\Microsoft\WindowsApps
USERNAME=LENOVO-PC
OS=Windows_NT
PROCESSOR_IDENTIFIER=AMD64 Family 22 Model 48 Stepping 1, AuthenticAMD



---------------  S Y S T E M  ---------------

OS: Windows 10.0 , 64 bit Build 17134 (10.0.17134.1)

CPU:total 4 (initial active 4) (4 cores per cpu, 1 threads per core) family 22 model 48 stepping 1, cmov, cx8, fxsr, mmx, sse, sse2, sse3, ssse3, sse4.1, sse4.2, popcnt, avx, aes, clmul, mmxext, 3dnowpref, lzcnt, sse4a, tsc, tscinvbit, tscinv, bmi1

Memory: 4k page, physical 3593192k(401848k free), swap 3593192k(10004k free)

vm_info: OpenJDK 64-Bit Server VM (25.152-b02) for windows-amd64 JRE (1.8.0_152-release-1024-b02), built by "builder" with MS VC++ 10.0 (VS2010)

time: Thu Oct 11 13:44:12 2018
elapsed time: 15 seconds (0d 0h 0m 15s)

